Построение начато 30.03.2012 19:39:23.
     1>Проект "C:\Sources\Lab_PRA\Lab_PRA\Lab_PRA.vcxproj" в узле 2 (целевые объекты build).
     1>InitializeBuildStatus:
         Обращение к "Debug\Lab_PRA.unsuccessfulbuild".
       ClCompile:
         c:\Program Files\Microsoft Visual Studio 10.0\VC\bin\CL.exe /c /ZI /nologo /W3 /WX- /Od /Oy- /D WIN32 /D _DEBUG /D _WINDOWS /D _USRDLL /D LAB_PRA_EXPORTS /D _WINDLL /D _UNICODE /D UNICODE /Gm /EHsc /RTC1 /MDd /GS /fp:precise /Zc:wchar_t /Zc:forScope /Yc"StdAfx.h" /Fp"Debug\Lab_PRA.pch" /Fo"Debug\\" /Fd"Debug\vc100.pdb" /Gd /TP /analyze- /errorReport:prompt stdafx.cpp
         stdafx.cpp
         c:\Program Files\Microsoft Visual Studio 10.0\VC\bin\CL.exe /c /ZI /nologo /W3 /WX- /Od /Oy- /D WIN32 /D _DEBUG /D _WINDOWS /D _USRDLL /D LAB_PRA_EXPORTS /D _WINDLL /D _UNICODE /D UNICODE /Gm /EHsc /RTC1 /MDd /GS /fp:precise /Zc:wchar_t /Zc:forScope /Fo"Debug\\" /Fd"Debug\vc100.pdb" /Gd /TP /analyze- /errorReport:prompt dllmain.cpp
         dllmain.cpp
         c:\Program Files\Microsoft Visual Studio 10.0\VC\bin\CL.exe /c /ZI /nologo /W3 /WX- /Od /Oy- /D WIN32 /D _DEBUG /D _WINDOWS /D _USRDLL /D LAB_PRA_EXPORTS /D _WINDLL /D _UNICODE /D UNICODE /Gm /EHsc /RTC1 /MDd /GS /fp:precise /Zc:wchar_t /Zc:forScope /Yu"StdAfx.h" /Fp"Debug\Lab_PRA.pch" /Fo"Debug\\" /Fd"Debug\vc100.pdb" /Gd /TP /analyze- /errorReport:prompt RegistryReader.cpp
         RegistryReader.cpp
       ManifestResourceCompile:
         C:\Program Files\Microsoft SDKs\Windows\v7.0A\bin\rc.exe /nologo /fo"Debug\Lab_PRA.dll.embed.manifest.res" Debug\Lab_PRA_manifest.rc 
       Link:
         c:\Program Files\Microsoft Visual Studio 10.0\VC\bin\link.exe /ERRORREPORT:PROMPT /OUT:"C:\Sources\Lab_PRA\Debug\Lab_PRA.dll" /INCREMENTAL /NOLOGO kernel32.lib user32.lib gdi32.lib winspool.lib comdlg32.lib advapi32.lib shell32.lib ole32.lib oleaut32.lib uuid.lib odbc32.lib odbccp32.lib /MANIFEST /ManifestFile:"Debug\Lab_PRA.dll.intermediate.manifest" /MANIFESTUAC:"level='asInvoker' uiAccess='false'" /DEBUG /PDB:"C:\Sources\Lab_PRA\Debug\Lab_PRA.pdb" /SUBSYSTEM:WINDOWS /TLBID:1 /DYNAMICBASE /NXCOMPAT /IMPLIB:"C:\Sources\Lab_PRA\Debug\Lab_PRA.lib" /MACHINE:X86 /DLL Debug\Lab_PRA.dll.embed.manifest.res
         Debug\dllmain.obj
         Debug\RegistryReader.obj
         Debug\stdafx.obj
            Создается библиотека C:\Sources\Lab_PRA\Debug\Lab_PRA.lib и объект C:\Sources\Lab_PRA\Debug\Lab_PRA.exp
       Manifest:
         C:\Program Files\Microsoft SDKs\Windows\v7.0A\bin\mt.exe /nologo /verbose /out:"Debug\Lab_PRA.dll.embed.manifest" /manifest Debug\Lab_PRA.dll.intermediate.manifest
         C:\Program Files\Microsoft SDKs\Windows\v7.0A\bin\rc.exe /nologo /fo"Debug\Lab_PRA.dll.embed.manifest.res" Debug\Lab_PRA_manifest.rc 
       LinkEmbedManifest:
         c:\Program Files\Microsoft Visual Studio 10.0\VC\bin\link.exe /ERRORREPORT:PROMPT /OUT:"C:\Sources\Lab_PRA\Debug\Lab_PRA.dll" /INCREMENTAL /NOLOGO kernel32.lib user32.lib gdi32.lib winspool.lib comdlg32.lib advapi32.lib shell32.lib ole32.lib oleaut32.lib uuid.lib odbc32.lib odbccp32.lib /MANIFEST /ManifestFile:"Debug\Lab_PRA.dll.intermediate.manifest" /MANIFESTUAC:"level='asInvoker' uiAccess='false'" /DEBUG /PDB:"C:\Sources\Lab_PRA\Debug\Lab_PRA.pdb" /SUBSYSTEM:WINDOWS /TLBID:1 /DYNAMICBASE /NXCOMPAT /IMPLIB:"C:\Sources\Lab_PRA\Debug\Lab_PRA.lib" /MACHINE:X86 /DLL Debug\Lab_PRA.dll.embed.manifest.res
         Debug\dllmain.obj
         Debug\RegistryReader.obj
         Debug\stdafx.obj
            Создается библиотека C:\Sources\Lab_PRA\Debug\Lab_PRA.lib и объект C:\Sources\Lab_PRA\Debug\Lab_PRA.exp
         Lab_PRA.vcxproj -> C:\Sources\Lab_PRA\Debug\Lab_PRA.dll
       FinalizeBuildStatus:
         Файл "Debug\Lab_PRA.unsuccessfulbuild" удаляется.
         Обращение к "Debug\Lab_PRA.lastbuildstate".
     1>Построение проекта "C:\Sources\Lab_PRA\Lab_PRA\Lab_PRA.vcxproj" завершено (целевые объекты build).

Построение успешно завершено.

Затраченное время: 00:00:03.32
